{"numFailedTestSuites":0,"numFailedTests":0,"numPassedTestSuites":2,"numPassedTests":22,"numPendingTestSuites":0,"numPendingTests":0,"numRuntimeErrorTestSuites":0,"numTodoTests":0,"numTotalTestSuites":2,"numTotalTests":22,"openHandles":[],"snapshot":{"added":0,"didUpdate":false,"failure":false,"filesAdded":0,"filesRemoved":0,"filesRemovedList":[],"filesUnmatched":0,"filesUpdated":0,"matched":0,"total":0,"unchecked":0,"uncheckedKeysByFile":[],"unmatched":0,"updated":0},"startTime":1740713796555,"success":true,"testResults":[{"leaks":false,"numFailingTests":0,"numPassingTests":6,"numPendingTests":0,"numTodoTests":0,"openHandles":[],"perfStats":{"end":1740713799167,"runtime":2473,"slow":false,"start":1740713796694},"skipped":false,"snapshot":{"added":0,"fileDeleted":false,"matched":0,"unchecked":0,"uncheckedKeys":[],"unmatched":0,"updated":0},"testFilePath":"/Users/arnaudbeaudat/coingecko-api-testing/tests/api.test.ts","testResults":[{"ancestorTitles":["CoinGecko API Tests","Simple Price Endpoint"],"duration":167,"failureDetails":[],"failureMessages":[],"fullName":"CoinGecko API Tests Simple Price Endpoint should return valid price data for Bitcoin","invocations":1,"location":null,"numPassingAsserts":3,"retryReasons":[],"status":"passed","title":"should return valid price data for Bitcoin"},{"ancestorTitles":["CoinGecko API Tests","Simple Price Endpoint"],"duration":360,"failureDetails":[],"failureMessages":[],"fullName":"CoinGecko API Tests Simple Price Endpoint should handle invalid coin ID","invocations":1,"location":null,"numPassingAsserts":0,"retryReasons":[],"status":"passed","title":"should handle invalid coin ID"},{"ancestorTitles":["CoinGecko API Tests","Simple Price Endpoint"],"duration":466,"failureDetails":[],"failureMessages":[],"fullName":"CoinGecko API Tests Simple Price Endpoint should handle invalid currency","invocations":1,"location":null,"numPassingAsserts":0,"retryReasons":[],"status":"passed","title":"should handle invalid currency"},{"ancestorTitles":["CoinGecko API Tests","Coin Markets Endpoint"],"duration":56,"failureDetails":[],"failureMessages":[],"fullName":"CoinGecko API Tests Coin Markets Endpoint should return market data with valid parameters","invocations":1,"location":null,"numPassingAsserts":4,"retryReasons":[],"status":"passed","title":"should return market data with valid parameters"},{"ancestorTitles":["CoinGecko API Tests","Coin Markets Endpoint"],"duration":417,"failureDetails":[],"failureMessages":[],"fullName":"CoinGecko API Tests Coin Markets Endpoint should handle invalid currency","invocations":1,"location":null,"numPassingAsserts":1,"retryReasons":[],"status":"passed","title":"should handle invalid currency"},{"ancestorTitles":["CoinGecko API Tests","Coin List Endpoint"],"duration":105,"failureDetails":[],"failureMessages":[],"fullName":"CoinGecko API Tests Coin List Endpoint should return list of all coins","invocations":1,"location":null,"numPassingAsserts":6,"retryReasons":[],"status":"passed","title":"should return list of all coins"}],"failureMessage":null},{"leaks":false,"numFailingTests":0,"numPassingTests":16,"numPendingTests":0,"numTodoTests":0,"openHandles":[],"perfStats":{"end":1740713803903,"runtime":7209,"slow":true,"start":1740713796694},"skipped":false,"snapshot":{"added":0,"fileDeleted":false,"matched":0,"unchecked":0,"uncheckedKeys":[],"unmatched":0,"updated":0},"testFilePath":"/Users/arnaudbeaudat/coingecko-api-testing/tests/security/coins_markets.security.test.ts","testResults":[{"ancestorTitles":["Coins Markets Endpoint Security Tests","SQL Injection Tests"],"duration":197,"failureDetails":[],"failureMessages":[],"fullName":"Coins Markets Endpoint Security Tests SQL Injection Tests should handle SQL injection payload: ' OR '1'='1","invocations":1,"location":null,"numPassingAsserts":2,"retryReasons":[],"status":"passed","title":"should handle SQL injection payload: ' OR '1'='1"},{"ancestorTitles":["Coins Markets Endpoint Security Tests","SQL Injection Tests"],"duration":53,"failureDetails":[],"failureMessages":[],"fullName":"Coins Markets Endpoint Security Tests SQL Injection Tests should handle SQL injection payload: ; DROP TABLE coins --","invocations":1,"location":null,"numPassingAsserts":2,"retryReasons":[],"status":"passed","title":"should handle SQL injection payload: ; DROP TABLE coins --"},{"ancestorTitles":["Coins Markets Endpoint Security Tests","SQL Injection Tests"],"duration":51,"failureDetails":[],"failureMessages":[],"fullName":"Coins Markets Endpoint Security Tests SQL Injection Tests should handle SQL injection payload: ' UNION SELECT * FROM coins --","invocations":1,"location":null,"numPassingAsserts":2,"retryReasons":[],"status":"passed","title":"should handle SQL injection payload: ' UNION SELECT * FROM coins --"},{"ancestorTitles":["Coins Markets Endpoint Security Tests","SQL Injection Tests"],"duration":56,"failureDetails":[],"failureMessages":[],"fullName":"Coins Markets Endpoint Security Tests SQL Injection Tests should handle SQL injection payload: 1' OR '1'='1","invocations":1,"location":null,"numPassingAsserts":2,"retryReasons":[],"status":"passed","title":"should handle SQL injection payload: 1' OR '1'='1"},{"ancestorTitles":["Coins Markets Endpoint Security Tests","SQL Injection Tests"],"duration":57,"failureDetails":[],"failureMessages":[],"fullName":"Coins Markets Endpoint Security Tests SQL Injection Tests should handle SQL injection payload: 1; SELECT * FROM coins WHERE id LIKE '%","invocations":1,"location":null,"numPassingAsserts":2,"retryReasons":[],"status":"passed","title":"should handle SQL injection payload: 1; SELECT * FROM coins WHERE id LIKE '%"},{"ancestorTitles":["Coins Markets Endpoint Security Tests","SQL Injection Tests"],"duration":125,"failureDetails":[],"failureMessages":[],"fullName":"Coins Markets Endpoint Security Tests SQL Injection Tests should handle SQL injection payload: bitcoin' OR '1'='1","invocations":1,"location":null,"numPassingAsserts":2,"retryReasons":[],"status":"passed","title":"should handle SQL injection payload: bitcoin' OR '1'='1"},{"ancestorTitles":["Coins Markets Endpoint Security Tests","SQL Injection Tests"],"duration":3805,"failureDetails":[],"failureMessages":[],"fullName":"Coins Markets Endpoint Security Tests SQL Injection Tests should sanitize special characters in parameters","invocations":1,"location":null,"numPassingAsserts":0,"retryReasons":[],"status":"passed","title":"should sanitize special characters in parameters"},{"ancestorTitles":["Coins Markets Endpoint Security Tests","Authentication Tests"],"duration":68,"failureDetails":[],"failureMessages":[],"fullName":"Coins Markets Endpoint Security Tests Authentication Tests should reject requests without API key","invocations":1,"location":null,"numPassingAsserts":1,"retryReasons":[],"status":"passed","title":"should reject requests without API key"},{"ancestorTitles":["Coins Markets Endpoint Security Tests","Authentication Tests"],"duration":60,"failureDetails":[],"failureMessages":[],"fullName":"Coins Markets Endpoint Security Tests Authentication Tests should reject invalid API keys","invocations":1,"location":null,"numPassingAsserts":1,"retryReasons":[],"status":"passed","title":"should reject invalid API keys"},{"ancestorTitles":["Coins Markets Endpoint Security Tests","Authentication Tests"],"duration":314,"failureDetails":[],"failureMessages":[],"fullName":"Coins Markets Endpoint Security Tests Authentication Tests should not accept API key in query parameters","invocations":1,"location":null,"numPassingAsserts":1,"retryReasons":[],"status":"passed","title":"should not accept API key in query parameters"},{"ancestorTitles":["Coins Markets Endpoint Security Tests","HTTPS/TLS Security"],"duration":0,"failureDetails":[],"failureMessages":[],"fullName":"Coins Markets Endpoint Security Tests HTTPS/TLS Security should use HTTPS","invocations":1,"location":null,"numPassingAsserts":1,"retryReasons":[],"status":"passed","title":"should use HTTPS"},{"ancestorTitles":["Coins Markets Endpoint Security Tests","HTTPS/TLS Security"],"duration":299,"failureDetails":[],"failureMessages":[],"fullName":"Coins Markets Endpoint Security Tests HTTPS/TLS Security should have valid SSL certificate","invocations":1,"location":null,"numPassingAsserts":1,"retryReasons":[],"status":"passed","title":"should have valid SSL certificate"},{"ancestorTitles":["Coins Markets Endpoint Security Tests","Response Security Headers"],"duration":153,"failureDetails":[],"failureMessages":[],"fullName":"Coins Markets Endpoint Security Tests Response Security Headers should include security headers","invocations":1,"location":null,"numPassingAsserts":3,"retryReasons":[],"status":"passed","title":"should include security headers"},{"ancestorTitles":["Coins Markets Endpoint Security Tests","Rate Limiting Security"],"duration":197,"failureDetails":[],"failureMessages":[],"fullName":"Coins Markets Endpoint Security Tests Rate Limiting Security should enforce rate limits","invocations":1,"location":null,"numPassingAsserts":0,"retryReasons":[],"status":"passed","title":"should enforce rate limits"},{"ancestorTitles":["Coins Markets Endpoint Security Tests","Data Sensitivity Tests"],"duration":308,"failureDetails":[],"failureMessages":[],"fullName":"Coins Markets Endpoint Security Tests Data Sensitivity Tests should not expose sensitive information in error messages","invocations":1,"location":null,"numPassingAsserts":5,"retryReasons":[],"status":"passed","title":"should not expose sensitive information in error messages"},{"ancestorTitles":["Coins Markets Endpoint Security Tests","Data Sensitivity Tests"],"duration":57,"failureDetails":[],"failureMessages":[],"fullName":"Coins Markets Endpoint Security Tests Data Sensitivity Tests should not include sensitive headers in response","invocations":1,"location":null,"numPassingAsserts":3,"retryReasons":[],"status":"passed","title":"should not include sensitive headers in response"}],"failureMessage":null}],"wasInterrupted":false}