{"numFailedTestSuites":1,"numFailedTests":1,"numPassedTestSuites":1,"numPassedTests":21,"numPendingTestSuites":0,"numPendingTests":0,"numRuntimeErrorTestSuites":0,"numTodoTests":0,"numTotalTestSuites":2,"numTotalTests":22,"openHandles":[],"snapshot":{"added":0,"didUpdate":false,"failure":false,"filesAdded":0,"filesRemoved":0,"filesRemovedList":[],"filesUnmatched":0,"filesUpdated":0,"matched":0,"total":0,"unchecked":0,"uncheckedKeysByFile":[],"unmatched":0,"updated":0},"startTime":1740669850192,"success":false,"testResults":[{"leaks":false,"numFailingTests":0,"numPassingTests":6,"numPendingTests":0,"numTodoTests":0,"openHandles":[],"perfStats":{"end":1740669852901,"runtime":2554,"slow":false,"start":1740669850347},"skipped":false,"snapshot":{"added":0,"fileDeleted":false,"matched":0,"unchecked":0,"uncheckedKeys":[],"unmatched":0,"updated":0},"testFilePath":"/Users/arnaudbeaudat/coingecko-api-testing/tests/api.test.ts","testResults":[{"ancestorTitles":["CoinGecko API Tests","Simple Price Endpoint"],"duration":171,"failureDetails":[],"failureMessages":[],"fullName":"CoinGecko API Tests Simple Price Endpoint should return valid price data for Bitcoin","invocations":1,"location":null,"numPassingAsserts":3,"retryReasons":[],"status":"passed","title":"should return valid price data for Bitcoin"},{"ancestorTitles":["CoinGecko API Tests","Simple Price Endpoint"],"duration":345,"failureDetails":[],"failureMessages":[],"fullName":"CoinGecko API Tests Simple Price Endpoint should handle invalid coin ID","invocations":1,"location":null,"numPassingAsserts":0,"retryReasons":[],"status":"passed","title":"should handle invalid coin ID"},{"ancestorTitles":["CoinGecko API Tests","Simple Price Endpoint"],"duration":368,"failureDetails":[],"failureMessages":[],"fullName":"CoinGecko API Tests Simple Price Endpoint should handle invalid currency","invocations":1,"location":null,"numPassingAsserts":0,"retryReasons":[],"status":"passed","title":"should handle invalid currency"},{"ancestorTitles":["CoinGecko API Tests","Coin Markets Endpoint"],"duration":72,"failureDetails":[],"failureMessages":[],"fullName":"CoinGecko API Tests Coin Markets Endpoint should return market data with valid parameters","invocations":1,"location":null,"numPassingAsserts":4,"retryReasons":[],"status":"passed","title":"should return market data with valid parameters"},{"ancestorTitles":["CoinGecko API Tests","Coin Markets Endpoint"],"duration":438,"failureDetails":[],"failureMessages":[],"fullName":"CoinGecko API Tests Coin Markets Endpoint should handle invalid currency","invocations":1,"location":null,"numPassingAsserts":1,"retryReasons":[],"status":"passed","title":"should handle invalid currency"},{"ancestorTitles":["CoinGecko API Tests","Coin List Endpoint"],"duration":106,"failureDetails":[],"failureMessages":[],"fullName":"CoinGecko API Tests Coin List Endpoint should return list of all coins","invocations":1,"location":null,"numPassingAsserts":6,"retryReasons":[],"status":"passed","title":"should return list of all coins"}],"failureMessage":null},{"leaks":false,"numFailingTests":1,"numPassingTests":15,"numPendingTests":0,"numTodoTests":0,"openHandles":[],"perfStats":{"end":1740669859432,"runtime":9085,"slow":true,"start":1740669850347},"skipped":false,"snapshot":{"added":0,"fileDeleted":false,"matched":0,"unchecked":0,"uncheckedKeys":[],"unmatched":0,"updated":0},"testFilePath":"/Users/arnaudbeaudat/coingecko-api-testing/tests/security/coins_markets.security.test.ts","testResults":[{"ancestorTitles":["Coins Markets Endpoint Security Tests","SQL Injection Tests"],"duration":203,"failureDetails":[],"failureMessages":[],"fullName":"Coins Markets Endpoint Security Tests SQL Injection Tests should handle SQL injection payload: ' OR '1'='1","invocations":1,"location":null,"numPassingAsserts":2,"retryReasons":[],"status":"passed","title":"should handle SQL injection payload: ' OR '1'='1"},{"ancestorTitles":["Coins Markets Endpoint Security Tests","SQL Injection Tests"],"duration":49,"failureDetails":[],"failureMessages":[],"fullName":"Coins Markets Endpoint Security Tests SQL Injection Tests should handle SQL injection payload: ; DROP TABLE coins --","invocations":1,"location":null,"numPassingAsserts":2,"retryReasons":[],"status":"passed","title":"should handle SQL injection payload: ; DROP TABLE coins --"},{"ancestorTitles":["Coins Markets Endpoint Security Tests","SQL Injection Tests"],"duration":50,"failureDetails":[],"failureMessages":[],"fullName":"Coins Markets Endpoint Security Tests SQL Injection Tests should handle SQL injection payload: ' UNION SELECT * FROM coins --","invocations":1,"location":null,"numPassingAsserts":2,"retryReasons":[],"status":"passed","title":"should handle SQL injection payload: ' UNION SELECT * FROM coins --"},{"ancestorTitles":["Coins Markets Endpoint Security Tests","SQL Injection Tests"],"duration":50,"failureDetails":[],"failureMessages":[],"fullName":"Coins Markets Endpoint Security Tests SQL Injection Tests should handle SQL injection payload: 1' OR '1'='1","invocations":1,"location":null,"numPassingAsserts":2,"retryReasons":[],"status":"passed","title":"should handle SQL injection payload: 1' OR '1'='1"},{"ancestorTitles":["Coins Markets Endpoint Security Tests","SQL Injection Tests"],"duration":85,"failureDetails":[],"failureMessages":[],"fullName":"Coins Markets Endpoint Security Tests SQL Injection Tests should handle SQL injection payload: 1; SELECT * FROM coins WHERE id LIKE '%","invocations":1,"location":null,"numPassingAsserts":2,"retryReasons":[],"status":"passed","title":"should handle SQL injection payload: 1; SELECT * FROM coins WHERE id LIKE '%"},{"ancestorTitles":["Coins Markets Endpoint Security Tests","SQL Injection Tests"],"duration":142,"failureDetails":[],"failureMessages":[],"fullName":"Coins Markets Endpoint Security Tests SQL Injection Tests should handle SQL injection payload: bitcoin' OR '1'='1","invocations":1,"location":null,"numPassingAsserts":2,"retryReasons":[],"status":"passed","title":"should handle SQL injection payload: bitcoin' OR '1'='1"},{"ancestorTitles":["Coins Markets Endpoint Security Tests","SQL Injection Tests"],"duration":5001,"failureDetails":[{"message":"thrown: \"Exceeded timeout of 5000 ms for a test.\nAdd a timeout value to this test to increase the timeout, if this is a long-running test. See https://jestjs.io/docs/api#testname-fn-timeout.\""}],"failureMessages":["Error: thrown: \"Exceeded timeout of 5000 ms for a test.\nAdd a timeout value to this test to increase the timeout, if this is a long-running test. See https://jestjs.io/docs/api#testname-fn-timeout.\"\n    at /Users/arnaudbeaudat/coingecko-api-testing/tests/security/coins_markets.security.test.ts:76:9\n    at _dispatchDescribe (/Users/arnaudbeaudat/coingecko-api-testing/node_modules/jest-circus/build/index.js:91:26)\n    at describe (/Users/arnaudbeaudat/coingecko-api-testing/node_modules/jest-circus/build/index.js:55:5)\n    at /Users/arnaudbeaudat/coingecko-api-testing/tests/security/coins_markets.security.test.ts:56:5\n    at _dispatchDescribe (/Users/arnaudbeaudat/coingecko-api-testing/node_modules/jest-circus/build/index.js:91:26)\n    at describe (/Users/arnaudbeaudat/coingecko-api-testing/node_modules/jest-circus/build/index.js:55:5)\n    at Object.<anonymous> (/Users/arnaudbeaudat/coingecko-api-testing/tests/security/coins_markets.security.test.ts:6:1)\n    at Runtime._execModule (/Users/arnaudbeaudat/coingecko-api-testing/node_modules/jest-runtime/build/index.js:1439:24)\n    at Runtime._loadModule (/Users/arnaudbeaudat/coingecko-api-testing/node_modules/jest-runtime/build/index.js:1022:12)\n    at Runtime.requireModule (/Users/arnaudbeaudat/coingecko-api-testing/node_modules/jest-runtime/build/index.js:882:12)\n    at jestAdapter (/Users/arnaudbeaudat/coingecko-api-testing/node_modules/jest-circus/build/legacy-code-todo-rewrite/jestAdapter.js:77:13)\n    at processTicksAndRejections (node:internal/process/task_queues:105:5)\n    at runTestInternal (/Users/arnaudbeaudat/coingecko-api-testing/node_modules/jest-runner/build/runTest.js:367:16)\n    at runTest (/Users/arnaudbeaudat/coingecko-api-testing/node_modules/jest-runner/build/runTest.js:444:34)\n    at Object.worker (/Users/arnaudbeaudat/coingecko-api-testing/node_modules/jest-runner/build/testWorker.js:106:12)"],"fullName":"Coins Markets Endpoint Security Tests SQL Injection Tests should sanitize special characters in parameters","invocations":1,"location":null,"numPassingAsserts":0,"retryReasons":[],"status":"failed","title":"should sanitize special characters in parameters"},{"ancestorTitles":["Coins Markets Endpoint Security Tests","Authentication Tests"],"duration":142,"failureDetails":[],"failureMessages":[],"fullName":"Coins Markets Endpoint Security Tests Authentication Tests should reject requests without API key","invocations":1,"location":null,"numPassingAsserts":1,"retryReasons":[],"status":"passed","title":"should reject requests without API key"},{"ancestorTitles":["Coins Markets Endpoint Security Tests","Authentication Tests"],"duration":57,"failureDetails":[],"failureMessages":[],"fullName":"Coins Markets Endpoint Security Tests Authentication Tests should reject invalid API keys","invocations":1,"location":null,"numPassingAsserts":1,"retryReasons":[],"status":"passed","title":"should reject invalid API keys"},{"ancestorTitles":["Coins Markets Endpoint Security Tests","Authentication Tests"],"duration":712,"failureDetails":[],"failureMessages":[],"fullName":"Coins Markets Endpoint Security Tests Authentication Tests should not accept API key in query parameters","invocations":1,"location":null,"numPassingAsserts":1,"retryReasons":[],"status":"passed","title":"should not accept API key in query parameters"},{"ancestorTitles":["Coins Markets Endpoint Security Tests","HTTPS/TLS Security"],"duration":1,"failureDetails":[],"failureMessages":[],"fullName":"Coins Markets Endpoint Security Tests HTTPS/TLS Security should use HTTPS","invocations":1,"location":null,"numPassingAsserts":1,"retryReasons":[],"status":"passed","title":"should use HTTPS"},{"ancestorTitles":["Coins Markets Endpoint Security Tests","HTTPS/TLS Security"],"duration":300,"failureDetails":[],"failureMessages":[],"fullName":"Coins Markets Endpoint Security Tests HTTPS/TLS Security should have valid SSL certificate","invocations":1,"location":null,"numPassingAsserts":1,"retryReasons":[],"status":"passed","title":"should have valid SSL certificate"},{"ancestorTitles":["Coins Markets Endpoint Security Tests","Response Security Headers"],"duration":140,"failureDetails":[],"failureMessages":[],"fullName":"Coins Markets Endpoint Security Tests Response Security Headers should include security headers","invocations":1,"location":null,"numPassingAsserts":3,"retryReasons":[],"status":"passed","title":"should include security headers"},{"ancestorTitles":["Coins Markets Endpoint Security Tests","Rate Limiting Security"],"duration":191,"failureDetails":[],"failureMessages":[],"fullName":"Coins Markets Endpoint Security Tests Rate Limiting Security should enforce rate limits","invocations":1,"location":null,"numPassingAsserts":0,"retryReasons":[],"status":"passed","title":"should enforce rate limits"},{"ancestorTitles":["Coins Markets Endpoint Security Tests","Data Sensitivity Tests"],"duration":309,"failureDetails":[],"failureMessages":[],"fullName":"Coins Markets Endpoint Security Tests Data Sensitivity Tests should not expose sensitive information in error messages","invocations":1,"location":null,"numPassingAsserts":5,"retryReasons":[],"status":"passed","title":"should not expose sensitive information in error messages"},{"ancestorTitles":["Coins Markets Endpoint Security Tests","Data Sensitivity Tests"],"duration":64,"failureDetails":[],"failureMessages":[],"fullName":"Coins Markets Endpoint Security Tests Data Sensitivity Tests should not include sensitive headers in response","invocations":1,"location":null,"numPassingAsserts":3,"retryReasons":[],"status":"passed","title":"should not include sensitive headers in response"}],"failureMessage":"\u001b[1m\u001b[31m  \u001b[1m● \u001b[22m\u001b[1mCoins Markets Endpoint Security Tests › SQL Injection Tests › should sanitize special characters in parameters\u001b[39m\u001b[22m\n\n    thrown: \"Exceeded timeout of 5000 ms for a test.\n    Add a timeout value to this test to increase the timeout, if this is a long-running test. See https://jestjs.io/docs/api#testname-fn-timeout.\"\n\u001b[2m\u001b[22m\n\u001b[2m    \u001b[0m \u001b[90m 74 |\u001b[39m         })\u001b[33m;\u001b[39m\u001b[22m\n\u001b[2m     \u001b[90m 75 |\u001b[39m\u001b[22m\n\u001b[2m    \u001b[31m\u001b[1m>\u001b[22m\u001b[2m\u001b[39m\u001b[90m 76 |\u001b[39m         test(\u001b[32m'should sanitize special characters in parameters'\u001b[39m\u001b[33m,\u001b[39m \u001b[36masync\u001b[39m () \u001b[33m=>\u001b[39m {\u001b[22m\n\u001b[2m     \u001b[90m    |\u001b[39m         \u001b[31m\u001b[1m^\u001b[22m\u001b[2m\u001b[39m\u001b[22m\n\u001b[2m     \u001b[90m 77 |\u001b[39m             \u001b[36mconst\u001b[39m specialChars \u001b[33m=\u001b[39m [\u001b[32m'\"'\u001b[39m\u001b[33m,\u001b[39m \u001b[32m\"'\"\u001b[39m\u001b[33m,\u001b[39m \u001b[32m';'\u001b[39m\u001b[33m,\u001b[39m \u001b[32m'--'\u001b[39m\u001b[33m,\u001b[39m \u001b[32m'/*'\u001b[39m\u001b[33m,\u001b[39m \u001b[32m'*/'\u001b[39m\u001b[33m,\u001b[39m \u001b[32m'='\u001b[39m\u001b[33m,\u001b[39m \u001b[32m'+'\u001b[39m\u001b[33m,\u001b[39m \u001b[32m','\u001b[39m\u001b[33m,\u001b[39m \u001b[32m'\\\\'\u001b[39m]\u001b[33m;\u001b[39m\u001b[22m\n\u001b[2m     \u001b[90m 78 |\u001b[39m             \u001b[22m\n\u001b[2m     \u001b[90m 79 |\u001b[39m             \u001b[36mfor\u001b[39m (\u001b[36mconst\u001b[39m char \u001b[36mof\u001b[39m specialChars) {\u001b[0m\u001b[22m\n\u001b[2m\u001b[22m\n\u001b[2m      \u001b[2mat \u001b[22m\u001b[2m\u001b[0m\u001b[36mtests/security/coins_markets.security.test.ts\u001b[39m\u001b[0m\u001b[2m:76:9\u001b[22m\u001b[2m\u001b[22m\n\u001b[2m      \u001b[2mat \u001b[22m\u001b[2m\u001b[0m\u001b[36mtests/security/coins_markets.security.test.ts\u001b[39m\u001b[0m\u001b[2m:56:5\u001b[22m\u001b[2m\u001b[22m\n\u001b[2m      \u001b[2mat Object.<anonymous> (\u001b[22m\u001b[2m\u001b[0m\u001b[36mtests/security/coins_markets.security.test.ts\u001b[39m\u001b[0m\u001b[2m:6:1)\u001b[22m\u001b[2m\u001b[22m\n"}],"wasInterrupted":false,"coverageMap":{"/Users/arnaudbeaudat/coingecko-api-testing/tests/config.ts":{"path":"/Users/arnaudbeaudat/coingecko-api-testing/tests/config.ts","statementMap":{"0":{"start":{"line":1,"column":0},"end":{"line":1,"column":28}},"1":{"start":{"line":4,"column":0},"end":{"line":4,"column":16}},"2":{"start":{"line":6,"column":13},"end":{"line":23,"column":2}},"3":{"start":{"line":25,"column":13},"end":{"line":30,"column":2}}},"fnMap":{},"branchMap":{"0":{"loc":{"start":{"line":8,"column":12},"end":{"line":8,"column":47}},"type":"binary-expr","locations":[{"start":{"line":8,"column":12},"end":{"line":8,"column":41}},{"start":{"line":8,"column":45},"end":{"line":8,"column":47}}]}},"s":{"0":2,"1":2,"2":2,"3":2},"f":{},"b":{"0":[2,0]}}}}